2020-01-21T19:35:07.467Z [warn] WARNING: {{title}} was not converted as it has positional parameters which can't be automatically converted. Source: app/templates/application.hbs
2020-01-21T19:35:08.714Z [warn] WARNING: {{percentage}} was not converted as it has positional parameters which can't be automatically converted. Source: app/templates/components/public-schools/summary.hbs
2020-01-21T19:35:09.156Z [warn] WARNING: {{humanize-geoid}} was not converted as it has positional parameters which can't be automatically converted. Source: app/templates/components/transportation/tdf/modal-splits.hbs
2020-01-21T19:35:08.054Z [warn] WARNING: {{lowercase}} was not converted as it has positional parameters which can't be automatically converted. Source: app/templates/components/login-form.hbs
2020-01-21T19:35:09.170Z [warn] WARNING: {{title}} was not converted as it has positional parameters which can't be automatically converted. Source: app/templates/project/show.hbs
2020-01-21T19:35:09.176Z [warn] WARNING: {{changeset}} was not converted as it has positional parameters which can't be automatically converted. Source: app/templates/project/new.hbs
2020-01-21T19:35:09.670Z [warn] WARNING: {{map-color-for}} was not converted as it has positional parameters which can't be automatically converted. Source: app/templates/components/public-schools/project-map.hbs
2020-01-21T19:35:09.670Z [warn] WARNING: {{map-color-for}} was not converted as it has positional parameters which can't be automatically converted. Source: app/templates/components/public-schools/project-map.hbs
2020-01-21T19:35:09.670Z [warn] WARNING: {{map-color-for}} was not converted as it has positional parameters which can't be automatically converted. Source: app/templates/components/public-schools/project-map.hbs
2020-01-21T19:35:09.670Z [warn] WARNING: {{map-color-for}} was not converted as it has positional parameters which can't be automatically converted. Source: app/templates/components/public-schools/project-map.hbs
2020-01-21T19:35:09.671Z [warn] WARNING: {{map-color-for}} was not converted as it has positional parameters which can't be automatically converted. Source: app/templates/components/public-schools/project-map.hbs
2020-01-21T19:35:09.681Z [warn] WARNING: {{map.on}} was not converted as it has positional parameters which can't be automatically converted. Source: app/templates/components/public-schools/project-map.hbs
2020-01-21T19:35:09.173Z [warn] WARNING: {{humanize-geoid}} was not converted as it has positional parameters which can't be automatically converted. Source: app/templates/components/transportation/tdf/modal-splits.hbs
2020-01-21T19:35:09.173Z [warn] WARNING: {{humanize-geoid}} was not converted as it has positional parameters which can't be automatically converted. Source: app/templates/components/transportation/tdf/modal-splits.hbs
2020-01-21T19:35:09.174Z [warn] WARNING: {{humanize-geoid}} was not converted as it has positional parameters which can't be automatically converted. Source: app/templates/components/transportation/tdf/modal-splits.hbs
2020-01-21T19:35:09.174Z [warn] WARNING: {{humanize-geoid}} was not converted as it has positional parameters which can't be automatically converted. Source: app/templates/components/transportation/tdf/modal-splits.hbs
2020-01-21T19:35:09.176Z [warn] WARNING: {{add}} was not converted as it has positional parameters which can't be automatically converted. Source: app/templates/components/transportation/tdf/modal-splits.hbs
2020-01-21T19:35:09.502Z [warn] WARNING: {{mode-label}} was not converted as it has positional parameters which can't be automatically converted. Source: app/templates/components/transportation/tdf/vehicle-occupancy.hbs
2020-01-21T19:35:09.506Z [warn] WARNING: {{mode-label}} was not converted as it has positional parameters which can't be automatically converted. Source: app/templates/components/transportation/tdf/vehicle-occupancy.hbs
2020-01-21T19:35:09.649Z [warn] WARNING: {{get-aggregate-percent}} was not converted as it has positional parameters which can't be automatically converted. Source: app/templates/components/transportation/trip-generation-tables/modal-splits-vehicle-occupancy.hbs
2020-01-21T19:35:09.652Z [warn] WARNING: {{round}} was not converted as it has positional parameters which can't be automatically converted. Source: app/templates/components/transportation/trip-generation-tables/modal-splits-vehicle-occupancy.hbs
2020-01-21T19:35:10.394Z [warn] WARNING: {{round}} was not converted as it has positional parameters which can't be automatically converted. Source: app/templates/components/transportation/trip-generation-tables/trip-generation-results.hbs
2020-01-21T19:35:10.394Z [warn] WARNING: {{round}} was not converted as it has positional parameters which can't be automatically converted. Source: app/templates/components/transportation/trip-generation-tables/trip-generation-results.hbs
2020-01-21T19:35:10.394Z [warn] WARNING: {{round}} was not converted as it has positional parameters which can't be automatically converted. Source: app/templates/components/transportation/trip-generation-tables/trip-generation-results.hbs
2020-01-21T19:35:10.397Z [warn] WARNING: {{round}} was not converted as it has positional parameters which can't be automatically converted. Source: app/templates/components/transportation/trip-generation-tables/trip-generation-results.hbs
2020-01-21T19:35:10.398Z [warn] WARNING: {{round}} was not converted as it has positional parameters which can't be automatically converted. Source: app/templates/components/transportation/trip-generation-tables/trip-generation-results.hbs
2020-01-21T19:35:10.398Z [warn] WARNING: {{round}} was not converted as it has positional parameters which can't be automatically converted. Source: app/templates/components/transportation/trip-generation-tables/trip-generation-results.hbs
2020-01-21T19:35:10.398Z [warn] WARNING: {{round}} was not converted as it has positional parameters which can't be automatically converted. Source: app/templates/components/transportation/trip-generation-tables/trip-generation-results.hbs
2020-01-21T19:35:10.398Z [warn] WARNING: {{round}} was not converted as it has positional parameters which can't be automatically converted. Source: app/templates/components/transportation/trip-generation-tables/trip-generation-results.hbs
2020-01-21T19:35:10.413Z [warn] WARNING: {{round}} was not converted as it has positional parameters which can't be automatically converted. Source: app/templates/components/transportation/trip-generation-tables/trip-generation-results.hbs
2020-01-21T19:35:10.416Z [warn] WARNING: {{round}} was not converted as it has positional parameters which can't be automatically converted. Source: app/templates/components/transportation/trip-generation-tables/trip-generation-results.hbs
2020-01-21T19:35:10.416Z [warn] WARNING: {{round}} was not converted as it has positional parameters which can't be automatically converted. Source: app/templates/components/transportation/trip-generation-tables/trip-generation-results.hbs
2020-01-21T19:35:10.416Z [warn] WARNING: {{round}} was not converted as it has positional parameters which can't be automatically converted. Source: app/templates/components/transportation/trip-generation-tables/trip-generation-results.hbs
2020-01-21T19:35:10.417Z [warn] WARNING: {{round}} was not converted as it has positional parameters which can't be automatically converted. Source: app/templates/components/transportation/trip-generation-tables/trip-generation-results.hbs
2020-01-21T19:35:10.417Z [warn] WARNING: {{round}} was not converted as it has positional parameters which can't be automatically converted. Source: app/templates/components/transportation/trip-generation-tables/trip-generation-results.hbs
2020-01-21T19:35:10.417Z [warn] WARNING: {{round}} was not converted as it has positional parameters which can't be automatically converted. Source: app/templates/components/transportation/trip-generation-tables/trip-generation-results.hbs
2020-01-21T19:35:10.417Z [warn] WARNING: {{round}} was not converted as it has positional parameters which can't be automatically converted. Source: app/templates/components/transportation/trip-generation-tables/trip-generation-results.hbs
2020-01-21T19:35:10.418Z [warn] WARNING: {{round}} was not converted as it has positional parameters which can't be automatically converted. Source: app/templates/components/transportation/trip-generation-tables/trip-generation-results.hbs
2020-01-21T19:35:10.418Z [warn] WARNING: {{round}} was not converted as it has positional parameters which can't be automatically converted. Source: app/templates/components/transportation/trip-generation-tables/trip-generation-results.hbs
2020-01-21T19:35:10.418Z [warn] WARNING: {{round}} was not converted as it has positional parameters which can't be automatically converted. Source: app/templates/components/transportation/trip-generation-tables/trip-generation-results.hbs
2020-01-21T19:35:10.418Z [warn] WARNING: {{round}} was not converted as it has positional parameters which can't be automatically converted. Source: app/templates/components/transportation/trip-generation-tables/trip-generation-results.hbs
2020-01-21T19:35:10.792Z [warn] WARNING: {{mode-label}} was not converted as it has positional parameters which can't be automatically converted. Source: app/templates/components/transportation/tdf/modal-splits/table-row.hbs
2020-01-21T19:35:10.987Z [warn] WARNING: {{mode-label}} was not converted as it has positional parameters which can't be automatically converted. Source: app/templates/components/transportation/tdf/trip-results/person-trips.hbs
2020-01-21T19:35:11.191Z [warn] WARNING: {{mode-label}} was not converted as it has positional parameters which can't be automatically converted. Source: app/templates/components/transportation/tdf/trip-results/vehicle-trips.hbs
2020-01-21T19:35:11.191Z [warn] WARNING: {{mode-label}} was not converted as it has positional parameters which can't be automatically converted. Source: app/templates/components/transportation/tdf/trip-results/vehicle-trips.hbs
2020-01-21T19:35:11.191Z [warn] WARNING: {{mode-label}} was not converted as it has positional parameters which can't be automatically converted. Source: app/templates/components/transportation/tdf/trip-results/vehicle-trips.hbs
2020-01-21T19:35:11.279Z [warn] WARNING: {{await}} was not converted as it has positional parameters which can't be automatically converted. Source: app/templates/project/show/transportation/existing-conditions/trip-generation.hbs
2020-01-21T19:35:11.280Z [warn] WARNING: {{await}} was not converted as it has positional parameters which can't be automatically converted. Source: app/templates/project/show/transportation/existing-conditions/trip-generation.hbs
2020-01-21T19:35:11.406Z [warn] WARNING: {{get-color-style}} was not converted as it has positional parameters which can't be automatically converted. Source: app/templates/components/transportation/tdf/modal-splits/census-tracts-map/features.hbs
2020-01-21T19:35:11.406Z [warn] WARNING: {{get-color-style}} was not converted as it has positional parameters which can't be automatically converted. Source: app/templates/components/transportation/tdf/modal-splits/census-tracts-map/features.hbs
2020-01-21T19:35:11.406Z [warn] WARNING: {{get-color-style}} was not converted as it has positional parameters which can't be automatically converted. Source: app/templates/components/transportation/tdf/modal-splits/census-tracts-map/features.hbs
2020-01-21T19:35:11.407Z [warn] WARNING: {{get-color-style}} was not converted as it has positional parameters which can't be automatically converted. Source: app/templates/components/transportation/tdf/modal-splits/census-tracts-map/features.hbs
2020-01-21T19:35:11.407Z [warn] WARNING: {{get-color-style}} was not converted as it has positional parameters which can't be automatically converted. Source: app/templates/components/transportation/tdf/modal-splits/census-tracts-map/features.hbs
2020-01-21T19:35:11.540Z [warn] WARNING: {{get-split-value}} was not converted as it has positional parameters which can't be automatically converted. Source: app/templates/components/transportation/tdf/modal-splits/census-tracts-map/census-tract-popup/modal-split-formatter.hbs
2020-01-21T19:35:11.540Z [warn] WARNING: {{get-split-moe}} was not converted as it has positional parameters which can't be automatically converted. Source: app/templates/components/transportation/tdf/modal-splits/census-tracts-map/census-tract-popup/modal-split-formatter.hbs
2020-01-21T19:35:11.540Z [warn] WARNING: {{get-split-percent}} was not converted as it has positional parameters which can't be automatically converted. Source: app/templates/components/transportation/tdf/modal-splits/census-tracts-map/census-tract-popup/modal-split-formatter.hbs
2020-01-21T19:35:11.540Z [warn] WARNING: {{get-split-value}} was not converted as it has positional parameters which can't be automatically converted. Source: app/templates/components/transportation/tdf/modal-splits/census-tracts-map/census-tract-popup/modal-split-formatter.hbs
2020-01-21T19:35:11.540Z [warn] WARNING: {{get-split-moe}} was not converted as it has positional parameters which can't be automatically converted. Source: app/templates/components/transportation/tdf/modal-splits/census-tracts-map/census-tract-popup/modal-split-formatter.hbs
2020-01-21T19:35:11.540Z [warn] WARNING: {{get-split-percent}} was not converted as it has positional parameters which can't be automatically converted. Source: app/templates/components/transportation/tdf/modal-splits/census-tracts-map/census-tract-popup/modal-split-formatter.hbs
2020-01-21T19:35:11.543Z [warn] WARNING: {{find-modal-split}} was not converted as it has positional parameters which can't be automatically converted. Source: app/templates/components/transportation/tdf/modal-splits/census-tracts-map/census-tract-popup/data.hbs
2020-01-21T19:35:08.721Z [warn] WARNING: {{percentage}} was not converted as it has positional parameters which can't be automatically converted. Source: app/templates/components/public-schools/summary.hbs
2020-01-21T19:35:08.722Z [warn] WARNING: {{percentage}} was not converted as it has positional parameters which can't be automatically converted. Source: app/templates/components/public-schools/summary.hbs
2020-01-21T19:35:08.859Z [warn] WARNING: {{humanize}} was not converted as it has positional parameters which can't be automatically converted. Source: app/templates/components/public-schools/version-selector.hbs
2020-01-21T19:35:09.501Z [warn] WARNING: {{title}} was not converted as it has positional parameters which can't be automatically converted. Source: app/templates/project/show/air-quality.hbs
2020-01-21T19:35:09.505Z [warn] WARNING: {{title}} was not converted as it has positional parameters which can't be automatically converted. Source: app/templates/project/show/community-facilities.hbs
2020-01-21T19:35:09.512Z [warn] WARNING: {{changeset}} was not converted as it has positional parameters which can't be automatically converted. Source: app/templates/project/show/edit.hbs
2020-01-21T19:35:09.599Z [warn] WARNING: {{title}} was not converted as it has positional parameters which can't be automatically converted. Source: app/templates/project/show/transportation.hbs
2020-01-21T19:35:09.650Z [warn] WARNING: {{title}} was not converted as it has positional parameters which can't be automatically converted. Source: app/templates/project/show/public-schools.hbs
2020-01-21T19:35:09.651Z [warn] WARNING: {{humanize}} was not converted as it has positional parameters which can't be automatically converted. Source: app/templates/project/show/public-schools.hbs
2020-01-21T19:35:10.054Z [warn] WARNING: {{human-readable-census-tract}} was not converted as it has positional parameters which can't be automatically converted. Source: app/templates/components/transportation/census-tracts-table.hbs
2020-01-21T19:35:10.055Z [warn] WARNING: {{mult}} was not converted as it has positional parameters which can't be automatically converted. Source: app/templates/components/transportation/census-tracts-table.hbs
2020-01-21T19:35:10.055Z [warn] WARNING: {{round}} was not converted as it has positional parameters which can't be automatically converted. Source: app/templates/components/transportation/census-tracts-table.hbs
2020-01-21T19:35:10.055Z [warn] WARNING: {{get-split-value}} was not converted as it has positional parameters which can't be automatically converted. Source: app/templates/components/transportation/census-tracts-table.hbs
2020-01-21T19:35:10.055Z [warn] WARNING: {{get-split-moe}} was not converted as it has positional parameters which can't be automatically converted. Source: app/templates/components/transportation/census-tracts-table.hbs
2020-01-21T19:35:10.179Z [warn] WARNING: {{humanize}} was not converted as it has positional parameters which can't be automatically converted. Source: app/templates/components/transportation/land-use-menu.hbs
2020-01-21T19:35:10.179Z [warn] WARNING: {{pluralize}} was not converted as it has positional parameters which can't be automatically converted. Source: app/templates/components/transportation/land-use-menu.hbs
2020-01-21T19:35:10.294Z [warn] WARNING: {{round}} was not converted as it has positional parameters which can't be automatically converted. Source: app/templates/components/transportation/threshold-calculation.hbs
2020-01-21T19:35:10.294Z [warn] WARNING: {{round}} was not converted as it has positional parameters which can't be automatically converted. Source: app/templates/components/transportation/threshold-calculation.hbs
2020-01-21T19:35:10.294Z [warn] WARNING: {{round}} was not converted as it has positional parameters which can't be automatically converted. Source: app/templates/components/transportation/threshold-calculation.hbs
2020-01-21T19:35:10.295Z [warn] WARNING: {{round}} was not converted as it has positional parameters which can't be automatically converted. Source: app/templates/components/transportation/threshold-calculation.hbs
2020-01-21T19:35:10.295Z [warn] WARNING: {{round}} was not converted as it has positional parameters which can't be automatically converted. Source: app/templates/components/transportation/threshold-calculation.hbs
2020-01-21T19:35:10.295Z [warn] WARNING: {{round}} was not converted as it has positional parameters which can't be automatically converted. Source: app/templates/components/transportation/threshold-calculation.hbs
2020-01-21T19:35:10.295Z [warn] WARNING: {{round}} was not converted as it has positional parameters which can't be automatically converted. Source: app/templates/components/transportation/threshold-calculation.hbs
2020-01-21T19:35:10.295Z [warn] WARNING: {{round}} was not converted as it has positional parameters which can't be automatically converted. Source: app/templates/components/transportation/threshold-calculation.hbs
2020-01-21T19:35:10.296Z [warn] WARNING: {{round}} was not converted as it has positional parameters which can't be automatically converted. Source: app/templates/components/transportation/threshold-calculation.hbs
2020-01-21T19:35:11.911Z [warn] WARNING: {{map-color-for}} was not converted as it has positional parameters which can't be automatically converted. Source: app/templates/components/public-schools/existing-conditions/table-existing-conditions.hbs
2020-01-21T19:35:11.912Z [warn] WARNING: {{percentage}} was not converted as it has positional parameters which can't be automatically converted. Source: app/templates/components/public-schools/existing-conditions/table-existing-conditions.hbs
2020-01-21T19:35:11.912Z [warn] WARNING: {{percentage}} was not converted as it has positional parameters which can't be automatically converted. Source: app/templates/components/public-schools/existing-conditions/table-existing-conditions.hbs
2020-01-21T19:35:11.912Z [warn] WARNING: {{percentage}} was not converted as it has positional parameters which can't be automatically converted. Source: app/templates/components/public-schools/existing-conditions/table-existing-conditions.hbs
2020-01-21T19:35:11.912Z [warn] WARNING: {{percentage}} was not converted as it has positional parameters which can't be automatically converted. Source: app/templates/components/public-schools/existing-conditions/table-existing-conditions.hbs
2020-01-21T19:35:11.914Z [warn] WARNING: {{school-year}} was not converted as it has positional parameters which can't be automatically converted. Source: app/templates/components/public-schools/existing-conditions/table-existing-conditions.hbs
2020-01-21T19:35:11.957Z [warn] WARNING: {{school-year}} was not converted as it has positional parameters which can't be automatically converted. Source: app/templates/components/public-schools/existing-conditions/recently-built-schools.hbs
2020-01-21T19:35:12.263Z [warn] WARNING: {{map-value}} was not converted as it has positional parameters which can't be automatically converted. Source: app/templates/components/public-schools/no-action/additional-residential-dev.hbs
2020-01-21T19:35:12.485Z [warn] WARNING: {{uppercase}} was not converted as it has positional parameters which can't be automatically converted. Source: app/templates/components/public-schools/no-action/doe-significant-util-changes.hbs
2020-01-21T19:35:12.933Z [warn] WARNING: {{mult}} was not converted as it has positional parameters which can't be automatically converted. Source: app/templates/components/public-schools/no-action/sca-under-construction.hbs
2020-01-21T19:35:12.933Z [warn] WARNING: {{percentage}} was not converted as it has positional parameters which can't be automatically converted. Source: app/templates/components/public-schools/no-action/sca-under-construction.hbs
2020-01-21T19:35:13.148Z [warn] WARNING: {{percentage}} was not converted as it has positional parameters which can't be automatically converted. Source: app/templates/components/public-schools/no-action/table-projected-enrollment.hbs
2020-01-21T19:35:13.149Z [warn] WARNING: {{percentage}} was not converted as it has positional parameters which can't be automatically converted. Source: app/templates/components/public-schools/no-action/table-projected-enrollment.hbs
2020-01-21T19:35:13.149Z [warn] WARNING: {{percentage}} was not converted as it has positional parameters which can't be automatically converted. Source: app/templates/components/public-schools/no-action/table-projected-enrollment.hbs
2020-01-21T19:35:13.149Z [warn] WARNING: {{percentage}} was not converted as it has positional parameters which can't be automatically converted. Source: app/templates/components/public-schools/no-action/table-projected-enrollment.hbs
2020-01-21T19:35:13.153Z [warn] WARNING: {{percentage}} was not converted as it has positional parameters which can't be automatically converted. Source: app/templates/components/public-schools/no-action/table-projected-enrollment.hbs
2020-01-21T19:35:13.154Z [warn] WARNING: {{school-year}} was not converted as it has positional parameters which can't be automatically converted. Source: app/templates/components/public-schools/no-action/table-projected-enrollment.hbs
2020-01-21T19:35:13.154Z [warn] WARNING: {{school-year}} was not converted as it has positional parameters which can't be automatically converted. Source: app/templates/components/public-schools/no-action/table-projected-enrollment.hbs
2020-01-21T19:35:13.271Z [warn] WARNING: {{percentage}} was not converted as it has positional parameters which can't be automatically converted. Source: app/templates/components/public-schools/with-action/change-in-enrollment.hbs
2020-01-21T19:35:13.271Z [warn] WARNING: {{percentage}} was not converted as it has positional parameters which can't be automatically converted. Source: app/templates/components/public-schools/with-action/change-in-enrollment.hbs
2020-01-21T19:35:13.272Z [warn] WARNING: {{percentage}} was not converted as it has positional parameters which can't be automatically converted. Source: app/templates/components/public-schools/with-action/change-in-enrollment.hbs
2020-01-21T19:35:13.272Z [warn] WARNING: {{percentage}} was not converted as it has positional parameters which can't be automatically converted. Source: app/templates/components/public-schools/with-action/change-in-enrollment.hbs
2020-01-21T19:35:13.272Z [warn] WARNING: {{percentage}} was not converted as it has positional parameters which can't be automatically converted. Source: app/templates/components/public-schools/with-action/change-in-enrollment.hbs
2020-01-21T19:35:13.272Z [warn] WARNING: {{percentage}} was not converted as it has positional parameters which can't be automatically converted. Source: app/templates/components/public-schools/with-action/change-in-enrollment.hbs
2020-01-21T19:35:13.357Z [warn] WARNING: {{map-value}} was not converted as it has positional parameters which can't be automatically converted. Source: app/templates/components/public-schools/with-action/new-schools.hbs
2020-01-21T19:35:13.546Z [warn] WARNING: {{percentage}} was not converted as it has positional parameters which can't be automatically converted. Source: app/templates/components/public-schools/with-action/results.hbs
2020-01-21T19:35:13.555Z [warn] WARNING: {{percentage}} was not converted as it has positional parameters which can't be automatically converted. Source: app/templates/components/public-schools/with-action/results.hbs
2020-01-21T19:35:13.556Z [warn] WARNING: {{percentage}} was not converted as it has positional parameters which can't be automatically converted. Source: app/templates/components/public-schools/with-action/results.hbs
2020-01-21T19:35:13.556Z [warn] WARNING: {{percentage}} was not converted as it has positional parameters which can't be automatically converted. Source: app/templates/components/public-schools/with-action/results.hbs
2020-01-21T19:35:13.556Z [warn] WARNING: {{percentage}} was not converted as it has positional parameters which can't be automatically converted. Source: app/templates/components/public-schools/with-action/results.hbs
2020-01-21T19:35:13.556Z [warn] WARNING: {{percentage}} was not converted as it has positional parameters which can't be automatically converted. Source: app/templates/components/public-schools/with-action/results.hbs
2020-01-21T19:35:13.556Z [warn] WARNING: {{percentage}} was not converted as it has positional parameters which can't be automatically converted. Source: app/templates/components/public-schools/with-action/results.hbs
2020-01-21T19:35:13.556Z [warn] WARNING: {{percentage}} was not converted as it has positional parameters which can't be automatically converted. Source: app/templates/components/public-schools/with-action/results.hbs
2020-01-21T19:35:13.557Z [warn] WARNING: {{percentage}} was not converted as it has positional parameters which can't be automatically converted. Source: app/templates/components/public-schools/with-action/results.hbs
2020-01-21T19:35:13.557Z [warn] WARNING: {{percentage}} was not converted as it has positional parameters which can't be automatically converted. Source: app/templates/components/public-schools/with-action/results.hbs
2020-01-21T19:35:13.558Z [warn] WARNING: {{percentage}} was not converted as it has positional parameters which can't be automatically converted. Source: app/templates/components/public-schools/with-action/results.hbs
2020-01-21T19:35:13.559Z [warn] WARNING: {{percentage}} was not converted as it has positional parameters which can't be automatically converted. Source: app/templates/components/public-schools/with-action/results.hbs
